<?xml version="1.0" encoding="UTF-8"?>
<!-- Generated by org.testng.reporters.JUnitReportReporter -->
<testsuite ignored="0" hostname="RUBI" failures="0" tests="1" name="Rubii.NewTest" time="52.943" errors="0" timestamp="24 abr. 2021 13:22:35 GMT" skipped="0">
  <testcase classname="Rubii.NewTest" name="f" time="52.943"/>
</testsuite> <!-- Rubii.NewTest -->
